<?xml version="1.0" encoding="UTF-8"?>
<!-- Generated by org.testng.reporters.JUnitReportReporter -->
<testsuite hostname="DESKTOP-25LN50V" failures="0" tests="49" name="test_Runner.TestRunner" time="435.614" errors="1" timestamp="2024-01-24T23:16:06 PST" skipped="0">
  <testcase classname="test_Runner.TestRunner" name="runScenario" time="9.933"/>
  <testcase classname="test_Runner.TestRunner" name="runScenario" time="9.736"/>
  <testcase classname="test_Runner.TestRunner" name="runScenario" time="9.519"/>
  <testcase classname="test_Runner.TestRunner" name="runScenario" time="10.219"/>
  <testcase classname="test_Runner.TestRunner" name="runScenario" time="7.819"/>
  <testcase classname="test_Runner.TestRunner" name="runScenario" time="9.962"/>
  <testcase classname="test_Runner.TestRunner" name="runScenario" time="5.222"/>
  <testcase classname="test_Runner.TestRunner" name="runScenario" time="11.125"/>
  <testcase classname="test_Runner.TestRunner" name="runScenario" time="8.632"/>
  <testcase classname="test_Runner.TestRunner" name="runScenario" time="11.214"/>
  <testcase classname="test_Runner.TestRunner" name="runScenario" time="10.013"/>
  <testcase classname="test_Runner.TestRunner" name="runScenario" time="4.454"/>
  <testcase classname="test_Runner.TestRunner" name="runScenario" time="9.951"/>
  <testcase classname="test_Runner.TestRunner" name="runScenario" time="11.159"/>
  <testcase classname="test_Runner.TestRunner" name="runScenario" time="5.005"/>
  <testcase classname="test_Runner.TestRunner" name="runScenario" time="5.033"/>
  <testcase classname="test_Runner.TestRunner" name="runScenario" time="9.486"/>
  <testcase classname="test_Runner.TestRunner" name="runScenario" time="9.877"/>
  <testcase classname="test_Runner.TestRunner" name="runScenario" time="8.819"/>
  <testcase classname="test_Runner.TestRunner" name="runScenario" time="10.114"/>
  <testcase classname="test_Runner.TestRunner" name="runScenario" time="10.690"/>
  <testcase classname="test_Runner.TestRunner" name="runScenario" time="5.239"/>
  <testcase classname="test_Runner.TestRunner" name="runScenario" time="9.105"/>
  <testcase classname="test_Runner.TestRunner" name="runScenario" time="9.751"/>
  <testcase classname="test_Runner.TestRunner" name="runScenario" time="9.831"/>
  <testcase classname="test_Runner.TestRunner" name="runScenario" time="5.882"/>
  <testcase classname="test_Runner.TestRunner" name="runScenario" time="10.025"/>
  <testcase classname="test_Runner.TestRunner" name="runScenario" time="10.015"/>
  <testcase classname="test_Runner.TestRunner" name="runScenario" time="4.719"/>
  <testcase classname="test_Runner.TestRunner" name="runScenario" time="9.986"/>
  <testcase classname="test_Runner.TestRunner" name="runScenario" time="10.095"/>
  <testcase classname="test_Runner.TestRunner" name="runScenario" time="9.359"/>
  <testcase classname="test_Runner.TestRunner" name="runScenario" time="8.841"/>
  <testcase classname="test_Runner.TestRunner" name="runScenario" time="5.716">
    <error message="The step &#039;User clicks on the Graph link get started button and user can view the graph page&#039; is undefined.
You can implement this step using the snippet(s) below:

@Then(&quot;User clicks on the Graph link get started button and user can view the graph page&quot;)
public void user_clicks_on_the_graph_link_get_started_button_and_user_can_view_the_graph_page() {
    // Write code here that turns the phrase above into concrete actions
    throw new io.cucumber.java.PendingException();
}
" type="io.cucumber.testng.UndefinedStepException">
      <![CDATA[io.cucumber.testng.UndefinedStepException: The step 'User clicks on the Graph link get started button and user can view the graph page' is undefined.
You can implement this step using the snippet(s) below:

@Then("User clicks on the Graph link get started button and user can view the graph page")
public void user_clicks_on_the_graph_link_get_started_button_and_user_can_view_the_graph_page() {
    // Write code here that turns the phrase above into concrete actions
    throw new io.cucumber.java.PendingException();
}

at io.cucumber.core.runtime.TestCaseResultObserver.assertTestCasePassed(TestCaseResultObserver.java:69)
at io.cucumber.testng.TestCaseResultObserver.assertTestCasePassed(TestCaseResultObserver.java:23)
at io.cucumber.testng.TestNGCucumberRunner.lambda$runScenario$1(TestNGCucumberRunner.java:133)
at io.cucumber.core.runtime.CucumberExecutionContext.lambda$runTestCase$5(CucumberExecutionContext.java:137)
at io.cucumber.core.runtime.RethrowingThrowableCollector.executeAndThrow(RethrowingThrowableCollector.java:23)
at io.cucumber.core.runtime.CucumberExecutionContext.runTestCase(CucumberExecutionContext.java:137)
at io.cucumber.testng.TestNGCucumberRunner.runScenario(TestNGCucumberRunner.java:129)
at io.cucumber.testng.AbstractTestNGCucumberTests.runScenario(AbstractTestNGCucumberTests.java:35)
at java.base/jdk.internal.reflect.NativeMethodAccessorImpl.invoke0(Native Method)
at java.base/jdk.internal.reflect.NativeMethodAccessorImpl.invoke(NativeMethodAccessorImpl.java:77)
at java.base/jdk.internal.reflect.DelegatingMethodAccessorImpl.invoke(DelegatingMethodAccessorImpl.java:43)
at java.base/java.lang.reflect.Method.invoke(Method.java:568)
at org.testng.internal.invokers.MethodInvocationHelper.invokeMethod(MethodInvocationHelper.java:139)
at org.testng.internal.invokers.TestInvoker.invokeMethod(TestInvoker.java:664)
at org.testng.internal.invokers.TestInvoker.invokeTestMethod(TestInvoker.java:227)
at org.testng.internal.invokers.MethodRunner.runInSequence(MethodRunner.java:50)
at org.testng.internal.invokers.TestInvoker$MethodInvocationAgent.invoke(TestInvoker.java:957)
at org.testng.internal.invokers.TestInvoker.invokeTestMethods(TestInvoker.java:200)
at org.testng.internal.invokers.TestMethodWorker.invokeTestMethods(TestMethodWorker.java:148)
at org.testng.internal.invokers.TestMethodWorker.run(TestMethodWorker.java:128)
at java.base/java.util.ArrayList.forEach(ArrayList.java:1511)
at org.testng.TestRunner.privateRun(TestRunner.java:848)
at org.testng.TestRunner.run(TestRunner.java:621)
at org.testng.SuiteRunner.runTest(SuiteRunner.java:443)
at org.testng.SuiteRunner.runSequentially(SuiteRunner.java:437)
at org.testng.SuiteRunner.privateRun(SuiteRunner.java:397)
at org.testng.SuiteRunner.run(SuiteRunner.java:336)
at org.testng.SuiteRunnerWorker.runSuite(SuiteRunnerWorker.java:52)
at org.testng.SuiteRunnerWorker.run(SuiteRunnerWorker.java:95)
at org.testng.TestNG.runSuitesSequentially(TestNG.java:1280)
at org.testng.TestNG.runSuitesLocally(TestNG.java:1200)
at org.testng.TestNG.runSuites(TestNG.java:1114)
at org.testng.TestNG.run(TestNG.java:1082)
at org.testng.remote.AbstractRemoteTestNG.run(AbstractRemoteTestNG.java:115)
at org.testng.remote.RemoteTestNG.initAndRun(RemoteTestNG.java:251)
at org.testng.remote.RemoteTestNG.main(RemoteTestNG.java:77)
]]>
    </error>
  </testcase> <!-- runScenario -->
  <testcase classname="test_Runner.TestRunner" name="runScenario" time="10.035"/>
  <testcase classname="test_Runner.TestRunner" name="runScenario" time="8.031"/>
  <testcase classname="test_Runner.TestRunner" name="runScenario" time="9.723"/>
  <testcase classname="test_Runner.TestRunner" name="runScenario" time="9.463"/>
  <testcase classname="test_Runner.TestRunner" name="runScenario" time="5.822"/>
  <testcase classname="test_Runner.TestRunner" name="runScenario" time="11.318"/>
  <testcase classname="test_Runner.TestRunner" name="runScenario" time="10.088"/>
  <testcase classname="test_Runner.TestRunner" name="runScenario" time="9.999"/>
  <testcase classname="test_Runner.TestRunner" name="runScenario" time="8.896"/>
  <testcase classname="test_Runner.TestRunner" name="runScenario" time="9.870"/>
  <testcase classname="test_Runner.TestRunner" name="runScenario" time="10.798"/>
  <testcase classname="test_Runner.TestRunner" name="runScenario" time="9.942"/>
  <testcase classname="test_Runner.TestRunner" name="runScenario" time="4.644"/>
  <testcase classname="test_Runner.TestRunner" name="runScenario" time="10.492"/>
  <testcase classname="test_Runner.TestRunner" name="runScenario" time="9.947"/>
</testsuite> <!-- test_Runner.TestRunner -->
